# JRE version: OpenJDK Runtime Environment (Zulu 8.50.0.51-CA-win64) (8.0_275-b01) (build 1.8.0_275-b01)
# Java VM: OpenJDK 64-Bit Server VM (25.275-b01 mixed mode windows-amd64 compressed oops)
Heap:
 PSYoungGen      total 467968K, used 350516K [0x00000000e0000000, 0x00000000ff380000, 0x0000000100000000)
  eden space 425472K, 82% used [0x00000000e0000000,0x00000000f564d140,0x00000000f9f80000)
  from space 42496K, 0% used [0x00000000fca00000,0x00000000fca00000,0x00000000ff380000)
  to   space 43008K, 0% used [0x00000000f9f80000,0x00000000f9f80000,0x00000000fc980000)
 ParOldGen       total 286208K, used 50299K [0x00000000a0000000, 0x00000000b1780000, 0x00000000e0000000)
  object space 286208K, 17% used [0x00000000a0000000,0x00000000a311ef60,0x00000000b1780000)
 Metaspace       used 117162K, capacity 125022K, committed 126976K, reserved 1159168K
  class space    used 15506K, capacity 16775K, committed 17408K, reserved 1048576K
GC Heap History (10 events):
Event: 11519.798 GC heap before
{Heap before GC invocations=34 (full 6):
 PSYoungGen      total 464384K, used 196181K [0x00000000e0000000, 0x00000000ff500000, 0x0000000100000000)
  eden space 417280K, 42% used [0x00000000e0000000,0x00000000eade5430,0x00000000f9780000)
  from space 47104K, 38% used [0x00000000f9780000,0x00000000fa930080,0x00000000fc580000)
  to   space 45568K, 0% used [0x00000000fc880000,0x00000000fc880000,0x00000000ff500000)
 ParOldGen       total 286208K, used 50725K [0x00000000a0000000, 0x00000000b1780000, 0x00000000e0000000)
  object space 286208K, 17% used [0x00000000a0000000,0x00000000a31894b8,0x00000000b1780000)
 Metaspace       used 115489K, capacity 121808K, committed 126208K, reserved 1159168K
  class space    used 15278K, capacity 16374K, committed 17408K, reserved 1048576K
Event: 11519.857 GC heap after
Heap after GC invocations=34 (full 6):
 PSYoungGen      total 466432K, used 8350K [0x00000000e0000000, 0x00000000ff400000, 0x0000000100000000)
  eden space 421888K, 0% used [0x00000000e0000000,0x00000000e0000000,0x00000000f9c00000)
  from space 44544K, 18% used [0x00000000fc880000,0x00000000fd0a78c0,0x00000000ff400000)
  to   space 45056K, 0% used [0x00000000f9c00000,0x00000000f9c00000,0x00000000fc800000)
 ParOldGen       total 286208K, used 50733K [0x00000000a0000000, 0x00000000b1780000, 0x00000000e0000000)
  object space 286208K, 17% used [0x00000000a0000000,0x00000000a318b4b8,0x00000000b1780000)
 Metaspace       used 115489K, capacity 121808K, committed 126208K, reserved 1159168K
  class space    used 15278K, capacity 16374K, committed 17408K, reserved 1048576K
}
Event: 11519.857 GC heap before
{Heap before GC invocations=35 (full 7):
 PSYoungGen      total 466432K, used 8350K [0x00000000e0000000, 0x00000000ff400000, 0x0000000100000000)
  eden space 421888K, 0% used [0x00000000e0000000,0x00000000e0000000,0x00000000f9c00000)
  from space 44544K, 18% used [0x00000000fc880000,0x00000000fd0a78c0,0x00000000ff400000)
  to   space 45056K, 0% used [0x00000000f9c00000,0x00000000f9c00000,0x00000000fc800000)
 ParOldGen       total 286208K, used 50733K [0x00000000a0000000, 0x00000000b1780000, 0x00000000e0000000)
  object space 286208K, 17% used [0x00000000a0000000,0x00000000a318b4b8,0x00000000b1780000)
 Metaspace       used 115489K, capacity 121808K, committed 126208K, reserved 1159168K
  class space    used 15278K, capacity 16374K, committed 17408K, reserved 1048576K
Event: 11520.421 GC heap after
Heap after GC invocations=35 (full 7):
 PSYoungGen      total 466432K, used 0K [0x00000000e0000000, 0x00000000ff400000, 0x0000000100000000)
  eden space 421888K, 0% used [0x00000000e0000000,0x00000000e0000000,0x00000000f9c00000)
  from space 44544K, 0% used [0x00000000fc880000,0x00000000fc880000,0x00000000ff400000)
  to   space 45056K, 0% used [0x00000000f9c00000,0x00000000f9c00000,0x00000000fc800000)
 ParOldGen       total 286208K, used 57270K [0x00000000a0000000, 0x00000000b1780000, 0x00000000e0000000)
  object space 286208K, 20% used [0x00000000a0000000,0x00000000a37edb58,0x00000000b1780000)
 Metaspace       used 115172K, capacity 121228K, committed 126208K, reserved 1159168K
  class space    used 15217K, capacity 16264K, committed 17408K, reserved 1048576K
}
Event: 12074.904 GC heap before
{Heap before GC invocations=36 (full 7):
 PSYoungGen      total 466432K, used 421888K [0x00000000e0000000, 0x00000000ff400000, 0x0000000100000000)
  eden space 421888K, 100% used [0x00000000e0000000,0x00000000f9c00000,0x00000000f9c00000)
  from space 44544K, 0% used [0x00000000fc880000,0x00000000fc880000,0x00000000ff400000)
  to   space 45056K, 0% used [0x00000000f9c00000,0x00000000f9c00000,0x00000000fc800000)
 ParOldGen       total 286208K, used 57270K [0x00000000a0000000, 0x00000000b1780000, 0x00000000e0000000)
  object space 286208K, 20% used [0x00000000a0000000,0x00000000a37edb58,0x00000000b1780000)
 Metaspace       used 116576K, capacity 124144K, committed 126464K, reserved 1159168K
  class space    used 15459K, capacity 16698K, committed 17408K, reserved 1048576K
Event: 12074.915 GC heap after
Heap after GC invocations=36 (full 7):
 PSYoungGen      total 466944K, used 14125K [0x00000000e0000000, 0x00000000ff480000, 0x0000000100000000)
  eden space 421888K, 0% used [0x00000000e0000000,0x00000000e0000000,0x00000000f9c00000)
  from space 45056K, 31% used [0x00000000f9c00000,0x00000000fa9cb528,0x00000000fc800000)
  to   space 43520K, 0% used [0x00000000fca00000,0x00000000fca00000,0x00000000ff480000)
 ParOldGen       total 286208K, used 57278K [0x00000000a0000000, 0x00000000b1780000, 0x00000000e0000000)
  object space 286208K, 20% used [0x00000000a0000000,0x00000000a37efb58,0x00000000b1780000)
 Metaspace       used 116576K, capacity 124144K, committed 126464K, reserved 1159168K
  class space    used 15459K, capacity 16698K, committed 17408K, reserved 1048576K
}
Event: 15120.431 GC heap before
{Heap before GC invocations=37 (full 7):
 PSYoungGen      total 466944K, used 208721K [0x00000000e0000000, 0x00000000ff480000, 0x0000000100000000)
  eden space 421888K, 46% used [0x00000000e0000000,0x00000000ebe090a8,0x00000000f9c00000)
  from space 45056K, 31% used [0x00000000f9c00000,0x00000000fa9cb528,0x00000000fc800000)
  to   space 43520K, 0% used [0x00000000fca00000,0x00000000fca00000,0x00000000ff480000)
 ParOldGen       total 286208K, used 57278K [0x00000000a0000000, 0x00000000b1780000, 0x00000000e0000000)
  object space 286208K, 20% used [0x00000000a0000000,0x00000000a37efb58,0x00000000b1780000)
 Metaspace       used 116704K, capacity 124318K, committed 126720K, reserved 1159168K
  class space    used 15464K, capacity 16703K, committed 17408K, reserved 1048576K
Event: 15120.509 GC heap after
Heap after GC invocations=37 (full 7):
 PSYoungGen      total 467968K, used 8653K [0x00000000e0000000, 0x00000000ff380000, 0x0000000100000000)
  eden space 425472K, 0% used [0x00000000e0000000,0x00000000e0000000,0x00000000f9f80000)
  from space 42496K, 20% used [0x00000000fca00000,0x00000000fd273528,0x00000000ff380000)
  to   space 43008K, 0% used [0x00000000f9f80000,0x00000000f9f80000,0x00000000fc980000)
 ParOldGen       total 286208K, used 57286K [0x00000000a0000000, 0x00000000b1780000, 0x00000000e0000000)
  object space 286208K, 20% used [0x00000000a0000000,0x00000000a37f1b58,0x00000000b1780000)
 Metaspace       used 116704K, capacity 124318K, committed 126720K, reserved 1159168K
  class space    used 15464K, capacity 16703K, committed 17408K, reserved 1048576K
}
Event: 15120.509 GC heap before
{Heap before GC invocations=38 (full 8):
 PSYoungGen      total 467968K, used 8653K [0x00000000e0000000, 0x00000000ff380000, 0x0000000100000000)
  eden space 425472K, 0% used [0x00000000e0000000,0x00000000e0000000,0x00000000f9f80000)
  from space 42496K, 20% used [0x00000000fca00000,0x00000000fd273528,0x00000000ff380000)
  to   space 43008K, 0% used [0x00000000f9f80000,0x00000000f9f80000,0x00000000fc980000)
 ParOldGen       total 286208K, used 57286K [0x00000000a0000000, 0x00000000b1780000, 0x00000000e0000000)
  object space 286208K, 20% used [0x00000000a0000000,0x00000000a37f1b58,0x00000000b1780000)
 Metaspace       used 116704K, capacity 124318K, committed 126720K, reserved 1159168K
  class space    used 15464K, capacity 16703K, committed 17408K, reserved 1048576K
Event: 15121.078 GC heap after
Heap after GC invocations=38 (full 8):
 PSYoungGen      total 467968K, used 0K [0x00000000e0000000, 0x00000000ff380000, 0x0000000100000000)
  eden space 425472K, 0% used [0x00000000e0000000,0x00000000e0000000,0x00000000f9f80000)
  from space 42496K, 0% used [0x00000000fca00000,0x00000000fca00000,0x00000000ff380000)
  to   space 43008K, 0% used [0x00000000f9f80000,0x00000000f9f80000,0x00000000fc980000)
 ParOldGen       total 286208K, used 50299K [0x00000000a0000000, 0x00000000b1780000, 0x00000000e0000000)
  object space 286208K, 17% used [0x00000000a0000000,0x00000000a311ef60,0x00000000b1780000)
 Metaspace       used 116133K, capacity 123312K, committed 126720K, reserved 1159168K
  class space    used 15363K, capacity 16522K, committed 17408K, reserved 1048576K
}

